<?xml version="1.0" encoding="UTF-8"?>
<!-- Generated by org.testng.reporters.JUnitReportReporter -->
<testsuite hostname="innovationteam-ThinkPad-T440p" name="zytest.custonboardapp.tests.TemplateUploadTest" tests="6" failures="0" timestamp="9 Nov 2018 19:55:02 GMT" time="11.826" errors="0">
  <testcase name="testUploadXlsPositiveCase" time="2.064" classname="zytest.custonboardapp.tests.TemplateUploadTest"/>
  <testcase name="testUploadXlsErrorCase" time="2.287" classname="zytest.custonboardapp.tests.TemplateUploadTest"/>
  <testcase name="testCreateCustomer" time="2.071" classname="zytest.custonboardapp.tests.TemplateUploadTest"/>
  <testcase name="testGetTenantConfig" time="2.047" classname="zytest.custonboardapp.tests.TemplateUploadTest"/>
  <testcase name="validateXlsTemplate" time="0.202" classname="zytest.custonboardapp.tests.TemplateUploadTest"/>
  <testcase name="testGetTenantConfigResponse" time="3.155" classname="zytest.custonboardapp.tests.TemplateUploadTest"/>
</testsuite> <!-- zytest.custonboardapp.tests.TemplateUploadTest -->
