<?xml version="1.0" encoding="UTF-8"?>
<!-- Generated by org.testng.reporters.JUnitReportReporter -->
<testsuite hostname="innovationteam-ThinkPad-T440p" name="zytest.custonboardapp.tests.TemplateUploadTest" tests="6" failures="0" timestamp="9 Nov 2018 19:46:57 GMT" time="11.905" errors="0">
  <testcase name="testUploadXlsPositiveCase" time="1.850" classname="zytest.custonboardapp.tests.TemplateUploadTest"/>
  <testcase name="testUploadXlsErrorCase" time="2.478" classname="zytest.custonboardapp.tests.TemplateUploadTest"/>
  <testcase name="testCreateCustomer" time="2.023" classname="zytest.custonboardapp.tests.TemplateUploadTest"/>
  <testcase name="testGetTenantConfig" time="2.057" classname="zytest.custonboardapp.tests.TemplateUploadTest"/>
  <testcase name="validateXlsTemplate" time="0.250" classname="zytest.custonboardapp.tests.TemplateUploadTest"/>
  <testcase name="testGetTenantConfigResponse" time="3.247" classname="zytest.custonboardapp.tests.TemplateUploadTest"/>
</testsuite> <!-- zytest.custonboardapp.tests.TemplateUploadTest -->
