<?xml version="1.0" encoding="UTF-8"?>
<!-- Generated by org.testng.reporters.JUnitReportReporter -->
<testsuite hostname="innovationteam-ThinkPad-T440p" name="ZyTest.CustomerOnboardingApp.TemplateUploadTest" tests="2" failures="0" timestamp="9 Nov 2018 11:50:48 GMT" time="3.958" errors="0">
  <testcase name="testGetTenantConfigResponse" time="1.295" classname="ZyTest.CustomerOnboardingApp.TemplateUploadTest"/>
  <testcase name="testGetTenantConfig" time="2.663" classname="ZyTest.CustomerOnboardingApp.TemplateUploadTest"/>
</testsuite> <!-- ZyTest.CustomerOnboardingApp.TemplateUploadTest -->
