<?xml version="1.0" encoding="UTF-8"?>
<!-- Generated by org.testng.reporters.JUnitReportReporter -->
<testsuite hostname="innovationteam-ThinkPad-T440p" name="zytest.custonboardapp.tests.TemplateUploadTest" tests="6" failures="0" timestamp="9 Nov 2018 17:58:47 GMT" time="12.411" errors="0">
  <testcase name="testGetTenantConfig" time="2.100" classname="zytest.custonboardapp.tests.TemplateUploadTest"/>
  <testcase name="testUploadXlsErrorCase" time="2.295" classname="zytest.custonboardapp.tests.TemplateUploadTest"/>
  <testcase name="testCreateCustomer" time="2.022" classname="zytest.custonboardapp.tests.TemplateUploadTest"/>
  <testcase name="testUploadXlsPositiveCase" time="2.218" classname="zytest.custonboardapp.tests.TemplateUploadTest"/>
  <testcase name="testGetTenantConfigResponse" time="3.575" classname="zytest.custonboardapp.tests.TemplateUploadTest"/>
  <testcase name="validateXlsTemplate" time="0.201" classname="zytest.custonboardapp.tests.TemplateUploadTest"/>
</testsuite> <!-- zytest.custonboardapp.tests.TemplateUploadTest -->
